\BOOKMARK [1][-]{section.1}{Utilidades}{}
\BOOKMARK [2][-]{subsection.1.1}{.vimrc}{section.1}
\BOOKMARK [2][-]{subsection.1.2}{Makefile}{section.1}
\BOOKMARK [2][-]{subsection.1.3}{Template}{section.1}
\BOOKMARK [1][-]{section.2}{Estruturas de Dados}{}
\BOOKMARK [2][-]{subsection.2.1}{Heap Bin\341rio}{section.2}
\BOOKMARK [2][-]{subsection.2.2}{Union-Find}{section.2}
\BOOKMARK [2][-]{subsection.2.3}{Fenwick Tree}{section.2}
\BOOKMARK [1][-]{section.3}{Ordena\347\343o}{}
\BOOKMARK [2][-]{subsection.3.1}{Merge Sort}{section.3}
\BOOKMARK [2][-]{subsection.3.2}{Quicksort}{section.3}
\BOOKMARK [1][-]{section.4}{Matem\341tica}{}
\BOOKMARK [2][-]{subsection.4.1}{Bigmod}{section.4}
\BOOKMARK [2][-]{subsection.4.2}{Long Integer}{section.4}
\BOOKMARK [2][-]{subsection.4.3}{Sieve de N\372meros Primos}{section.4}
\BOOKMARK [2][-]{subsection.4.4}{GCD e LCM}{section.4}
\BOOKMARK [2][-]{subsection.4.5}{Algoritmo de Euclides}{section.4}
\BOOKMARK [2][-]{subsection.4.6}{Combina\347\343o}{section.4}
\BOOKMARK [2][-]{subsection.4.7}{Floyd's Cycle-Finding}{section.4}
\BOOKMARK [2][-]{subsection.4.8}{Matrizes}{section.4}
\BOOKMARK [3][-]{subsubsection.4.8.1}{Decomposi\347\343o LUP}{subsection.4.8}
\BOOKMARK [3][-]{subsubsection.4.8.2}{Determinante}{subsection.4.8}
\BOOKMARK [3][-]{subsubsection.4.8.3}{Sistemas Lineares}{subsection.4.8}
\BOOKMARK [1][-]{section.5}{Grafos}{}
\BOOKMARK [2][-]{subsection.5.1}{Strongly Connected Components}{section.5}
\BOOKMARK [3][-]{subsubsection.5.1.1}{Kosaraju}{subsection.5.1}
\BOOKMARK [3][-]{subsubsection.5.1.2}{Tarjan}{subsection.5.1}
\BOOKMARK [2][-]{subsection.5.2}{Caminho m\355nimo}{section.5}
\BOOKMARK [3][-]{subsubsection.5.2.1}{Floyd-Warshall}{subsection.5.2}
\BOOKMARK [3][-]{subsubsection.5.2.2}{Dijkstra}{subsection.5.2}
\BOOKMARK [3][-]{subsubsection.5.2.3}{Dijkstra com Heap}{subsection.5.2}
\BOOKMARK [3][-]{subsubsection.5.2.4}{Bellman-Ford}{subsection.5.2}
\BOOKMARK [2][-]{subsection.5.3}{\301rvore Geradora M\355nima}{section.5}
\BOOKMARK [3][-]{subsubsection.5.3.1}{Prim}{subsection.5.3}
\BOOKMARK [3][-]{subsubsection.5.3.2}{Kruskal}{subsection.5.3}
\BOOKMARK [2][-]{subsection.5.4}{Fluxo M\341ximo e Corte M\355nimo}{section.5}
\BOOKMARK [3][-]{subsubsection.5.4.1}{Edmonds-Karp}{subsection.5.4}
\BOOKMARK [3][-]{subsubsection.5.4.2}{Stoer-Wagner}{subsection.5.4}
\BOOKMARK [3][-]{subsubsection.5.4.3}{Min-Cost Max-Flow}{subsection.5.4}
\BOOKMARK [3][-]{subsubsection.5.4.4}{Kuhn-Munkres}{subsection.5.4}
\BOOKMARK [2][-]{subsection.5.5}{Aresta de Corte}{section.5}
\BOOKMARK [2][-]{subsection.5.6}{Ponto de Articula\347\343o}{section.5}
\BOOKMARK [2][-]{subsection.5.7}{Lowest Common Ancestor}{section.5}
\BOOKMARK [2][-]{subsection.5.8}{Caminho Euleriano}{section.5}
\BOOKMARK [2][-]{subsection.5.9}{Ciclo Euleriano}{section.5}
\BOOKMARK [2][-]{subsection.5.10}{Fatos Interessantes}{section.5}
\BOOKMARK [1][-]{section.6}{Programa\347\343o Din\342mica}{}
\BOOKMARK [2][-]{subsection.6.1}{Longest Common Subsequence}{section.6}
\BOOKMARK [2][-]{subsection.6.2}{Longest Increasing Subsequence}{section.6}
\BOOKMARK [2][-]{subsection.6.3}{Matrix-chain Multiplication}{section.6}
\BOOKMARK [2][-]{subsection.6.4}{0-1 Knapsack}{section.6}
\BOOKMARK [2][-]{subsection.6.5}{CYK}{section.6}
\BOOKMARK [1][-]{section.7}{Geometria Computacional}{}
\BOOKMARK [2][-]{subsection.7.1}{C\355rculos}{section.7}
\BOOKMARK [2][-]{subsection.7.2}{Intersec\347\343o de Segmentos}{section.7}
\BOOKMARK [2][-]{subsection.7.3}{Ponto dentro de Pol\355gono}{section.7}
\BOOKMARK [2][-]{subsection.7.4}{Teste de Convexidade}{section.7}
\BOOKMARK [2][-]{subsection.7.5}{\301rea de um Pol\355gono}{section.7}
\BOOKMARK [3][-]{subsubsection.7.5.1}{Convexo}{subsection.7.5}
\BOOKMARK [3][-]{subsubsection.7.5.2}{Qualquer}{subsection.7.5}
\BOOKMARK [2][-]{subsection.7.6}{Convex Hull}{section.7}
\BOOKMARK [3][-]{subsubsection.7.6.1}{Graham Scan}{subsection.7.6}
\BOOKMARK [3][-]{subsubsection.7.6.2}{Jarvis March}{subsection.7.6}
\BOOKMARK [2][-]{subsection.7.7}{Closest Pair of Points}{section.7}
\BOOKMARK [1][-]{section.8}{Outros}{}
\BOOKMARK [2][-]{subsection.8.1}{2-SAT}{section.8}
\BOOKMARK [2][-]{subsection.8.2}{Sist. de restri\347\365es de diferen\347as}{section.8}
\BOOKMARK [2][-]{subsection.8.3}{Kadane 1D}{section.8}
\BOOKMARK [2][-]{subsection.8.4}{Kadane 2D}{section.8}
\BOOKMARK [2][-]{subsection.8.5}{Majority Problem}{section.8}
\BOOKMARK [2][-]{subsection.8.6}{Stable Marriage}{section.8}
\BOOKMARK [3][-]{subsubsection.8.6.1}{Gale-Shapley}{subsection.8.6}
\BOOKMARK [2][-]{subsection.8.7}{N\372meros Romanos}{section.8}
\BOOKMARK [2][-]{subsection.8.8}{Calend\341rio}{section.8}
\BOOKMARK [2][-]{subsection.8.9}{Josephus Problem}{section.8}
\BOOKMARK [1][-]{section.9}{Containers STL}{}
\BOOKMARK [1][-]{section.10}{Formul\341rio}{}
\BOOKMARK [2][-]{subsection.10.1}{Somat\363rios}{section.10}
\BOOKMARK [2][-]{subsection.10.2}{Geometria}{section.10}
\BOOKMARK [3][-]{subsubsection.10.2.1}{Tri\342ngulos}{subsection.10.2}
\BOOKMARK [1][-]{section.11}{Troubleshooting}{}
\BOOKMARK [2][-]{subsection.11.1}{Erros Comuns}{section.11}
\BOOKMARK [3][-]{subsubsection.11.1.1}{Wrong Answer}{subsection.11.1}
\BOOKMARK [3][-]{subsubsection.11.1.2}{Runtime Error}{subsection.11.1}
\BOOKMARK [3][-]{subsubsection.11.1.3}{Time Limit Exceeded}{subsection.11.1}
\BOOKMARK [2][-]{subsection.11.2}{Grafos}{section.11}
